  Nerve.cpp
Nerve.cpp(37): warning C4018: “<”: 有符号/无符号不匹配
Nerve.cpp(60): warning C4018: “<”: 有符号/无符号不匹配
Nerve.cpp(73): warning C4305: “return”: 从“int”到“bool”截断
Nerve.cpp(75): warning C4018: “<”: 有符号/无符号不匹配
Nerve.cpp(83): warning C4018: “<”: 有符号/无符号不匹配
Nerve.cpp(85): warning C4018: “<=”: 有符号/无符号不匹配
Nerve.cpp(94): warning C4018: “<”: 有符号/无符号不匹配
Nerve.cpp(97): warning C4018: “<”: 有符号/无符号不匹配
Nerve.cpp(107): warning C4018: “<”: 有符号/无符号不匹配
Nerve.cpp(116): warning C4018: “<”: 有符号/无符号不匹配
Nerve.cpp(123): warning C4018: “<”: 有符号/无符号不匹配
Nerve.cpp(125): warning C4018: “<”: 有符号/无符号不匹配
Nerve.cpp(133): warning C4018: “<”: 有符号/无符号不匹配
Nerve.cpp(135): warning C4018: “<”: 有符号/无符号不匹配
Nerve.cpp(156): warning C4018: “<”: 有符号/无符号不匹配
Nerve.cpp(167): warning C4018: “<”: 有符号/无符号不匹配
Nerve.cpp(221): warning C4018: “<”: 有符号/无符号不匹配
  正在生成代码
  1 of 443 functions ( 0.2%) were compiled, the rest were copied from previous compilation.
    0 functions were new in current compilation
    5 functions had inline decision re-evaluated but remain unchanged
  已完成代码的生成
  Nerve.vcxproj -> E:\我的 东东\EasyX学习\深度学习\Nerve\Release\Nerve.exe
  Nerve.vcxproj -> E:\我的 东东\EasyX学习\深度学习\Nerve\Release\Nerve.pdb (Full PDB)
