  Nerve.cpp
e:\我的 东东\easyx学习\深度学习\nerve\nerve\nerve.cpp(37): warning C4018: “<”: 有符号/无符号不匹配
e:\我的 东东\easyx学习\深度学习\nerve\nerve\nerve.cpp(60): warning C4018: “<”: 有符号/无符号不匹配
e:\我的 东东\easyx学习\深度学习\nerve\nerve\nerve.cpp(73): warning C4305: “return”: 从“int”到“bool”截断
e:\我的 东东\easyx学习\深度学习\nerve\nerve\nerve.cpp(75): warning C4018: “<”: 有符号/无符号不匹配
e:\我的 东东\easyx学习\深度学习\nerve\nerve\nerve.cpp(83): warning C4018: “<”: 有符号/无符号不匹配
e:\我的 东东\easyx学习\深度学习\nerve\nerve\nerve.cpp(85): warning C4018: “<=”: 有符号/无符号不匹配
e:\我的 东东\easyx学习\深度学习\nerve\nerve\nerve.cpp(94): warning C4018: “<”: 有符号/无符号不匹配
e:\我的 东东\easyx学习\深度学习\nerve\nerve\nerve.cpp(97): warning C4018: “<”: 有符号/无符号不匹配
e:\我的 东东\easyx学习\深度学习\nerve\nerve\nerve.cpp(107): warning C4018: “<”: 有符号/无符号不匹配
e:\我的 东东\easyx学习\深度学习\nerve\nerve\nerve.cpp(116): warning C4018: “<”: 有符号/无符号不匹配
e:\我的 东东\easyx学习\深度学习\nerve\nerve\nerve.cpp(123): warning C4018: “<”: 有符号/无符号不匹配
e:\我的 东东\easyx学习\深度学习\nerve\nerve\nerve.cpp(125): warning C4018: “<”: 有符号/无符号不匹配
e:\我的 东东\easyx学习\深度学习\nerve\nerve\nerve.cpp(133): warning C4018: “<”: 有符号/无符号不匹配
e:\我的 东东\easyx学习\深度学习\nerve\nerve\nerve.cpp(135): warning C4018: “<”: 有符号/无符号不匹配
e:\我的 东东\easyx学习\深度学习\nerve\nerve\nerve.cpp(156): warning C4018: “<”: 有符号/无符号不匹配
e:\我的 东东\easyx学习\深度学习\nerve\nerve\nerve.cpp(167): warning C4018: “<”: 有符号/无符号不匹配
e:\我的 东东\easyx学习\深度学习\nerve\nerve\nerve.cpp(221): warning C4018: “<”: 有符号/无符号不匹配
e:\我的 东东\easyx学习\深度学习\nerve\nerve\nerve.cpp(90): warning C4715: “Nerve::Nerve_net::Set_Desired_output”: 不是所有的控件路径都返回值
  Nerve.vcxproj -> E:\我的 东东\EasyX学习\深度学习\Nerve\Debug\Nerve.exe
  Nerve.vcxproj -> E:\我的 东东\EasyX学习\深度学习\Nerve\Debug\Nerve.pdb (Full PDB)
